<?xml version="1.0" encoding="UTF-8"?>
<!-- Generated by org.testng.reporters.JUnitReportReporter -->
<testsuite skipped="0" hostname="Dhamodharans-iMac.local" name="com.consumerPayments.testCases.TC_AcceptPaymentSearch_0002" tests="1" failures="0" timestamp="17 Nov 2019 20:05:52 GMT" time="29.858" errors="0">
  <testcase name="acceptpaymentsearch" time="29.858" classname="com.consumerPayments.testCases.TC_AcceptPaymentSearch_0002"/>
</testsuite> <!-- com.consumerPayments.testCases.TC_AcceptPaymentSearch_0002 -->
