<?xml version="1.0" encoding="UTF-8"?>
<!-- Generated by org.testng.reporters.JUnitReportReporter -->
<testsuite skipped="0" hostname="Dhamodharans-iMac.local" name="com.consumerPayments.testCases.TC006_AccountSearch_CreditCard_AmericanExpress_Pay" tests="1" failures="0" timestamp="19 Nov 2019 18:08:49 GMT" time="68.188" errors="0">
  <testcase name="AMEXCard_Pay" time="68.188" classname="com.consumerPayments.testCases.TC006_AccountSearch_CreditCard_AmericanExpress_Pay"/>
</testsuite> <!-- com.consumerPayments.testCases.TC006_AccountSearch_CreditCard_AmericanExpress_Pay -->
