<?xml version="1.0" encoding="UTF-8"?>
<!-- Generated by org.testng.reporters.JUnitReportReporter -->
<testsuite skipped="0" hostname="Dhamodharans-iMac.local" name="com.consumerPayments.testCases.TC_LoginTest_0001" tests="1" failures="0" timestamp="17 Nov 2019 01:03:15 GMT" time="5.089" errors="0">
  <testcase name="logintest" time="5.089" classname="com.consumerPayments.testCases.TC_LoginTest_0001"/>
</testsuite> <!-- com.consumerPayments.testCases.TC_LoginTest_0001 -->
